CRITICAL - 2022-04-28 01:12:18 --> Undefined variable $userRow
#0 C:\xampp\htdocs\pita\app\Views\admin\admin_administrators.php(176): CodeIgniter\Debug\Exceptions->errorHandler(2, 'Undefined varia...', 'C:\\xampp\\htdocs...', 176)
#1 C:\xampp\htdocs\pita\system\View\View.php(210): include('C:\\xampp\\htdocs...')
#2 C:\xampp\htdocs\pita\system\View\View.php(213): CodeIgniter\View\View->CodeIgniter\View\{closure}()
#3 C:\xampp\htdocs\pita\system\Common.php(1089): CodeIgniter\View\View->render('admin/admin_adm...', Array, true)
#4 C:\xampp\htdocs\pita\app\Controllers\Views.php(62): view('admin/admin_adm...')
#5 C:\xampp\htdocs\pita\system\CodeIgniter.php(832): App\Controllers\Views->admin_administrator_view()
#6 C:\xampp\htdocs\pita\system\CodeIgniter.php(419): CodeIgniter\CodeIgniter->runController(Object(App\Controllers\Views))
#7 C:\xampp\htdocs\pita\system\CodeIgniter.php(326): CodeIgniter\CodeIgniter->handleRequest(NULL, Object(Config\Cache), false)
#8 C:\xampp\htdocs\pita\public\index.php(37): CodeIgniter\CodeIgniter->run()
#9 {main}
CRITICAL - 2022-04-28 01:49:29 --> Undefined array key "user_id"
#0 C:\xampp\htdocs\pita\app\Controllers\DatabaseController.php(153): CodeIgniter\Debug\Exceptions->errorHandler(2, 'Undefined array...', 'C:\\xampp\\htdocs...', 153)
#1 C:\xampp\htdocs\pita\system\CodeIgniter.php(832): App\Controllers\DatabaseController->update_users()
#2 C:\xampp\htdocs\pita\system\CodeIgniter.php(419): CodeIgniter\CodeIgniter->runController(Object(App\Controllers\DatabaseController))
#3 C:\xampp\htdocs\pita\system\CodeIgniter.php(326): CodeIgniter\CodeIgniter->handleRequest(NULL, Object(Config\Cache), false)
#4 C:\xampp\htdocs\pita\public\index.php(37): CodeIgniter\CodeIgniter->run()
#5 {main}
ERROR - 2022-04-28 01:59:18 --> You have an error in your SQL syntax; check the manual that corresponds to your MariaDB server version for the right syntax to use near 'like announcement_title = 'sample'' at line 1
CRITICAL - 2022-04-28 01:59:18 --> You have an error in your SQL syntax; check the manual that corresponds to your MariaDB server version for the right syntax to use near 'like announcement_title = 'sample'' at line 1
#0 C:\xampp\htdocs\pita\system\Database\MySQLi\Connection.php(292): mysqli->query('SELECT * FROM a...', 0)
#1 C:\xampp\htdocs\pita\system\Database\BaseConnection.php(670): CodeIgniter\Database\MySQLi\Connection->execute('SELECT * FROM a...')
#2 C:\xampp\htdocs\pita\system\Database\BaseConnection.php(598): CodeIgniter\Database\BaseConnection->simpleQuery('SELECT * FROM a...')
#3 C:\xampp\htdocs\pita\app\Controllers\DatabaseController.php(218): CodeIgniter\Database\BaseConnection->query('SELECT * FROM a...')
#4 C:\xampp\htdocs\pita\system\CodeIgniter.php(832): App\Controllers\DatabaseController->create_announcements()
#5 C:\xampp\htdocs\pita\system\CodeIgniter.php(419): CodeIgniter\CodeIgniter->runController(Object(App\Controllers\DatabaseController))
#6 C:\xampp\htdocs\pita\system\CodeIgniter.php(326): CodeIgniter\CodeIgniter->handleRequest(NULL, Object(Config\Cache), false)
#7 C:\xampp\htdocs\pita\public\index.php(37): CodeIgniter\CodeIgniter->run()
#8 {main}
ERROR - 2022-04-28 02:01:28 --> You have an error in your SQL syntax; check the manual that corresponds to your MariaDB server version for the right syntax to use near 'like announcement_title =sample' at line 1
CRITICAL - 2022-04-28 02:01:28 --> You have an error in your SQL syntax; check the manual that corresponds to your MariaDB server version for the right syntax to use near 'like announcement_title =sample' at line 1
#0 C:\xampp\htdocs\pita\system\Database\MySQLi\Connection.php(292): mysqli->query('SELECT * FROM a...', 0)
#1 C:\xampp\htdocs\pita\system\Database\BaseConnection.php(670): CodeIgniter\Database\MySQLi\Connection->execute('SELECT * FROM a...')
#2 C:\xampp\htdocs\pita\system\Database\BaseConnection.php(598): CodeIgniter\Database\BaseConnection->simpleQuery('SELECT * FROM a...')
#3 C:\xampp\htdocs\pita\app\Controllers\DatabaseController.php(217): CodeIgniter\Database\BaseConnection->query('SELECT * FROM a...')
#4 C:\xampp\htdocs\pita\system\CodeIgniter.php(832): App\Controllers\DatabaseController->create_announcements()
#5 C:\xampp\htdocs\pita\system\CodeIgniter.php(419): CodeIgniter\CodeIgniter->runController(Object(App\Controllers\DatabaseController))
#6 C:\xampp\htdocs\pita\system\CodeIgniter.php(326): CodeIgniter\CodeIgniter->handleRequest(NULL, Object(Config\Cache), false)
#7 C:\xampp\htdocs\pita\public\index.php(37): CodeIgniter\CodeIgniter->run()
#8 {main}
ERROR - 2022-04-28 02:01:45 --> Unknown column 'sample' in 'where clause'
CRITICAL - 2022-04-28 02:01:45 --> Unknown column 'sample' in 'where clause'
#0 C:\xampp\htdocs\pita\system\Database\MySQLi\Connection.php(292): mysqli->query('SELECT * FROM a...', 0)
#1 C:\xampp\htdocs\pita\system\Database\BaseConnection.php(670): CodeIgniter\Database\MySQLi\Connection->execute('SELECT * FROM a...')
#2 C:\xampp\htdocs\pita\system\Database\BaseConnection.php(598): CodeIgniter\Database\BaseConnection->simpleQuery('SELECT * FROM a...')
#3 C:\xampp\htdocs\pita\app\Controllers\DatabaseController.php(217): CodeIgniter\Database\BaseConnection->query('SELECT * FROM a...')
#4 C:\xampp\htdocs\pita\system\CodeIgniter.php(832): App\Controllers\DatabaseController->create_announcements()
#5 C:\xampp\htdocs\pita\system\CodeIgniter.php(419): CodeIgniter\CodeIgniter->runController(Object(App\Controllers\DatabaseController))
#6 C:\xampp\htdocs\pita\system\CodeIgniter.php(326): CodeIgniter\CodeIgniter->handleRequest(NULL, Object(Config\Cache), false)
#7 C:\xampp\htdocs\pita\public\index.php(37): CodeIgniter\CodeIgniter->run()
#8 {main}
ERROR - 2022-04-28 02:03:55 --> Unknown column 'sample' in 'where clause'
CRITICAL - 2022-04-28 02:03:55 --> Unknown column 'sample' in 'where clause'
#0 C:\xampp\htdocs\pita\system\Database\MySQLi\Connection.php(292): mysqli->query('SELECT * FROM a...', 0)
#1 C:\xampp\htdocs\pita\system\Database\BaseConnection.php(670): CodeIgniter\Database\MySQLi\Connection->execute('SELECT * FROM a...')
#2 C:\xampp\htdocs\pita\system\Database\BaseConnection.php(598): CodeIgniter\Database\BaseConnection->simpleQuery('SELECT * FROM a...')
#3 C:\xampp\htdocs\pita\app\Controllers\DatabaseController.php(217): CodeIgniter\Database\BaseConnection->query('SELECT * FROM a...')
#4 C:\xampp\htdocs\pita\system\CodeIgniter.php(832): App\Controllers\DatabaseController->create_announcements()
#5 C:\xampp\htdocs\pita\system\CodeIgniter.php(419): CodeIgniter\CodeIgniter->runController(Object(App\Controllers\DatabaseController))
#6 C:\xampp\htdocs\pita\system\CodeIgniter.php(326): CodeIgniter\CodeIgniter->handleRequest(NULL, Object(Config\Cache), false)
#7 C:\xampp\htdocs\pita\public\index.php(37): CodeIgniter\CodeIgniter->run()
#8 {main}
CRITICAL - 2022-04-28 02:04:51 --> Undefined variable $userRow
#0 C:\xampp\htdocs\pita\app\Views\admin\admin_home.php(302): CodeIgniter\Debug\Exceptions->errorHandler(2, 'Undefined varia...', 'C:\\xampp\\htdocs...', 302)
#1 C:\xampp\htdocs\pita\system\View\View.php(210): include('C:\\xampp\\htdocs...')
#2 C:\xampp\htdocs\pita\system\View\View.php(213): CodeIgniter\View\View->CodeIgniter\View\{closure}()
#3 C:\xampp\htdocs\pita\system\Common.php(1089): CodeIgniter\View\View->render('admin/admin_hom...', Array, true)
#4 C:\xampp\htdocs\pita\app\Controllers\Views.php(33): view('admin/admin_hom...')
#5 C:\xampp\htdocs\pita\system\CodeIgniter.php(832): App\Controllers\Views->view_admin()
#6 C:\xampp\htdocs\pita\system\CodeIgniter.php(419): CodeIgniter\CodeIgniter->runController(Object(App\Controllers\Views))
#7 C:\xampp\htdocs\pita\system\CodeIgniter.php(326): CodeIgniter\CodeIgniter->handleRequest(NULL, Object(Config\Cache), false)
#8 C:\xampp\htdocs\pita\public\index.php(37): CodeIgniter\CodeIgniter->run()
#9 {main}
CRITICAL - 2022-04-28 02:05:04 --> Undefined variable $userRow
#0 C:\xampp\htdocs\pita\app\Views\admin\admin_home.php(302): CodeIgniter\Debug\Exceptions->errorHandler(2, 'Undefined varia...', 'C:\\xampp\\htdocs...', 302)
#1 C:\xampp\htdocs\pita\system\View\View.php(210): include('C:\\xampp\\htdocs...')
#2 C:\xampp\htdocs\pita\system\View\View.php(213): CodeIgniter\View\View->CodeIgniter\View\{closure}()
#3 C:\xampp\htdocs\pita\system\Common.php(1089): CodeIgniter\View\View->render('admin/admin_hom...', Array, true)
#4 C:\xampp\htdocs\pita\app\Controllers\Views.php(33): view('admin/admin_hom...')
#5 C:\xampp\htdocs\pita\system\CodeIgniter.php(832): App\Controllers\Views->view_admin()
#6 C:\xampp\htdocs\pita\system\CodeIgniter.php(419): CodeIgniter\CodeIgniter->runController(Object(App\Controllers\Views))
#7 C:\xampp\htdocs\pita\system\CodeIgniter.php(326): CodeIgniter\CodeIgniter->handleRequest(NULL, Object(Config\Cache), false)
#8 C:\xampp\htdocs\pita\public\index.php(37): CodeIgniter\CodeIgniter->run()
#9 {main}
CRITICAL - 2022-04-28 02:05:09 --> Undefined variable $userRow
#0 C:\xampp\htdocs\pita\app\Views\admin\admin_home.php(302): CodeIgniter\Debug\Exceptions->errorHandler(2, 'Undefined varia...', 'C:\\xampp\\htdocs...', 302)
#1 C:\xampp\htdocs\pita\system\View\View.php(210): include('C:\\xampp\\htdocs...')
#2 C:\xampp\htdocs\pita\system\View\View.php(213): CodeIgniter\View\View->CodeIgniter\View\{closure}()
#3 C:\xampp\htdocs\pita\system\Common.php(1089): CodeIgniter\View\View->render('admin/admin_hom...', Array, true)
#4 C:\xampp\htdocs\pita\app\Controllers\Views.php(33): view('admin/admin_hom...')
#5 C:\xampp\htdocs\pita\system\CodeIgniter.php(832): App\Controllers\Views->view_admin()
#6 C:\xampp\htdocs\pita\system\CodeIgniter.php(419): CodeIgniter\CodeIgniter->runController(Object(App\Controllers\Views))
#7 C:\xampp\htdocs\pita\system\CodeIgniter.php(326): CodeIgniter\CodeIgniter->handleRequest(NULL, Object(Config\Cache), false)
#8 C:\xampp\htdocs\pita\public\index.php(37): CodeIgniter\CodeIgniter->run()
#9 {main}
CRITICAL - 2022-04-28 02:06:26 --> Undefined variable $userRow
#0 C:\xampp\htdocs\pita\app\Views\admin\admin_home.php(313): CodeIgniter\Debug\Exceptions->errorHandler(2, 'Undefined varia...', 'C:\\xampp\\htdocs...', 313)
#1 C:\xampp\htdocs\pita\system\View\View.php(210): include('C:\\xampp\\htdocs...')
#2 C:\xampp\htdocs\pita\system\View\View.php(213): CodeIgniter\View\View->CodeIgniter\View\{closure}()
#3 C:\xampp\htdocs\pita\system\Common.php(1089): CodeIgniter\View\View->render('admin/admin_hom...', Array, true)
#4 C:\xampp\htdocs\pita\app\Controllers\Views.php(33): view('admin/admin_hom...')
#5 C:\xampp\htdocs\pita\system\CodeIgniter.php(832): App\Controllers\Views->view_admin()
#6 C:\xampp\htdocs\pita\system\CodeIgniter.php(419): CodeIgniter\CodeIgniter->runController(Object(App\Controllers\Views))
#7 C:\xampp\htdocs\pita\system\CodeIgniter.php(326): CodeIgniter\CodeIgniter->handleRequest(NULL, Object(Config\Cache), false)
#8 C:\xampp\htdocs\pita\public\index.php(37): CodeIgniter\CodeIgniter->run()
#9 {main}
CRITICAL - 2022-04-28 02:17:27 --> Undefined array key "a_id"
#0 C:\xampp\htdocs\pita\app\Controllers\DatabaseController.php(235): CodeIgniter\Debug\Exceptions->errorHandler(2, 'Undefined array...', 'C:\\xampp\\htdocs...', 235)
#1 C:\xampp\htdocs\pita\system\CodeIgniter.php(832): App\Controllers\DatabaseController->update_announcements()
#2 C:\xampp\htdocs\pita\system\CodeIgniter.php(419): CodeIgniter\CodeIgniter->runController(Object(App\Controllers\DatabaseController))
#3 C:\xampp\htdocs\pita\system\CodeIgniter.php(326): CodeIgniter\CodeIgniter->handleRequest(NULL, Object(Config\Cache), false)
#4 C:\xampp\htdocs\pita\public\index.php(37): CodeIgniter\CodeIgniter->run()
#5 {main}
CRITICAL - 2022-04-28 02:17:55 --> Undefined array key "a_id"
#0 C:\xampp\htdocs\pita\app\Controllers\DatabaseController.php(235): CodeIgniter\Debug\Exceptions->errorHandler(2, 'Undefined array...', 'C:\\xampp\\htdocs...', 235)
#1 C:\xampp\htdocs\pita\system\CodeIgniter.php(832): App\Controllers\DatabaseController->update_announcements()
#2 C:\xampp\htdocs\pita\system\CodeIgniter.php(419): CodeIgniter\CodeIgniter->runController(Object(App\Controllers\DatabaseController))
#3 C:\xampp\htdocs\pita\system\CodeIgniter.php(326): CodeIgniter\CodeIgniter->handleRequest(NULL, Object(Config\Cache), false)
#4 C:\xampp\htdocs\pita\public\index.php(37): CodeIgniter\CodeIgniter->run()
#5 {main}
