CRITICAL - 2022-04-25 00:15:18 --> syntax error, unexpected token "public"
#0 C:\xampp\htdocs\pita\system\Router\Router.php(175): CodeIgniter\Router\Router->autoRoute('DatabaseControl...')
#1 C:\xampp\htdocs\pita\system\CodeIgniter.php(726): CodeIgniter\Router\Router->handle('DatabaseControl...')
#2 C:\xampp\htdocs\pita\system\CodeIgniter.php(368): CodeIgniter\CodeIgniter->tryToRouteIt(Object(CodeIgniter\Router\RouteCollection))
#3 C:\xampp\htdocs\pita\system\CodeIgniter.php(326): CodeIgniter\CodeIgniter->handleRequest(NULL, Object(Config\Cache), false)
#4 C:\xampp\htdocs\pita\public\index.php(37): CodeIgniter\CodeIgniter->run()
#5 {main}
CRITICAL - 2022-04-25 00:35:40 --> Undefined variable $Username
#0 C:\xampp\htdocs\pita\app\Controllers\DatabaseController.php(61): CodeIgniter\Debug\Exceptions->errorHandler(2, 'Undefined varia...', 'C:\\xampp\\htdocs...', 61)
#1 C:\xampp\htdocs\pita\system\CodeIgniter.php(832): App\Controllers\DatabaseController->sign_up()
#2 C:\xampp\htdocs\pita\system\CodeIgniter.php(419): CodeIgniter\CodeIgniter->runController(Object(App\Controllers\DatabaseController))
#3 C:\xampp\htdocs\pita\system\CodeIgniter.php(326): CodeIgniter\CodeIgniter->handleRequest(NULL, Object(Config\Cache), false)
#4 C:\xampp\htdocs\pita\public\index.php(37): CodeIgniter\CodeIgniter->run()
#5 {main}
CRITICAL - 2022-04-25 00:36:57 --> strpos(): Argument #1 ($haystack) must be of type string, CodeIgniter\Email\Email given
#0 C:\xampp\htdocs\pita\system\Email\Email.php(728): strpos(Object(CodeIgniter\Email\Email), ',')
#1 C:\xampp\htdocs\pita\system\Email\Email.php(541): CodeIgniter\Email\Email->stringToArray(Object(CodeIgniter\Email\Email))
#2 C:\xampp\htdocs\pita\app\Controllers\DatabaseController.php(74): CodeIgniter\Email\Email->setTo(Object(CodeIgniter\Email\Email))
#3 C:\xampp\htdocs\pita\system\CodeIgniter.php(832): App\Controllers\DatabaseController->sign_up()
#4 C:\xampp\htdocs\pita\system\CodeIgniter.php(419): CodeIgniter\CodeIgniter->runController(Object(App\Controllers\DatabaseController))
#5 C:\xampp\htdocs\pita\system\CodeIgniter.php(326): CodeIgniter\CodeIgniter->handleRequest(NULL, Object(Config\Cache), false)
#6 C:\xampp\htdocs\pita\public\index.php(37): CodeIgniter\CodeIgniter->run()
#7 {main}
CRITICAL - 2022-04-25 01:11:01 --> Undefined array key "email"
#0 C:\xampp\htdocs\pita\app\Controllers\DatabaseController.php(8): CodeIgniter\Debug\Exceptions->errorHandler(2, 'Undefined array...', 'C:\\xampp\\htdocs...', 8)
#1 C:\xampp\htdocs\pita\system\CodeIgniter.php(832): App\Controllers\DatabaseController->login()
#2 C:\xampp\htdocs\pita\system\CodeIgniter.php(419): CodeIgniter\CodeIgniter->runController(Object(App\Controllers\DatabaseController))
#3 C:\xampp\htdocs\pita\system\CodeIgniter.php(326): CodeIgniter\CodeIgniter->handleRequest(NULL, Object(Config\Cache), false)
#4 C:\xampp\htdocs\pita\public\index.php(37): CodeIgniter\CodeIgniter->run()
#5 {main}
CRITICAL - 2022-04-25 01:11:33 --> Undefined array key "email"
#0 C:\xampp\htdocs\pita\app\Controllers\DatabaseController.php(8): CodeIgniter\Debug\Exceptions->errorHandler(2, 'Undefined array...', 'C:\\xampp\\htdocs...', 8)
#1 C:\xampp\htdocs\pita\system\CodeIgniter.php(832): App\Controllers\DatabaseController->login()
#2 C:\xampp\htdocs\pita\system\CodeIgniter.php(419): CodeIgniter\CodeIgniter->runController(Object(App\Controllers\DatabaseController))
#3 C:\xampp\htdocs\pita\system\CodeIgniter.php(326): CodeIgniter\CodeIgniter->handleRequest(NULL, Object(Config\Cache), false)
#4 C:\xampp\htdocs\pita\public\index.php(37): CodeIgniter\CodeIgniter->run()
#5 {main}
CRITICAL - 2022-04-25 01:11:55 --> Undefined array key "email"
#0 C:\xampp\htdocs\pita\app\Controllers\DatabaseController.php(8): CodeIgniter\Debug\Exceptions->errorHandler(2, 'Undefined array...', 'C:\\xampp\\htdocs...', 8)
#1 C:\xampp\htdocs\pita\system\CodeIgniter.php(832): App\Controllers\DatabaseController->login()
#2 C:\xampp\htdocs\pita\system\CodeIgniter.php(419): CodeIgniter\CodeIgniter->runController(Object(App\Controllers\DatabaseController))
#3 C:\xampp\htdocs\pita\system\CodeIgniter.php(326): CodeIgniter\CodeIgniter->handleRequest(NULL, Object(Config\Cache), false)
#4 C:\xampp\htdocs\pita\public\index.php(37): CodeIgniter\CodeIgniter->run()
#5 {main}
CRITICAL - 2022-04-25 01:12:59 --> Undefined array key "email"
#0 C:\xampp\htdocs\pita\app\Controllers\DatabaseController.php(8): CodeIgniter\Debug\Exceptions->errorHandler(2, 'Undefined array...', 'C:\\xampp\\htdocs...', 8)
#1 C:\xampp\htdocs\pita\system\CodeIgniter.php(832): App\Controllers\DatabaseController->login()
#2 C:\xampp\htdocs\pita\system\CodeIgniter.php(419): CodeIgniter\CodeIgniter->runController(Object(App\Controllers\DatabaseController))
#3 C:\xampp\htdocs\pita\system\CodeIgniter.php(326): CodeIgniter\CodeIgniter->handleRequest(NULL, Object(Config\Cache), false)
#4 C:\xampp\htdocs\pita\public\index.php(37): CodeIgniter\CodeIgniter->run()
#5 {main}
