CRITICAL - 2022-04-15 20:41:14 --> Call to a member function query() on null
#0 C:\xampp\htdocs\pita\system\CodeIgniter.php(832): App\Controllers\DatabaseController->login()
#1 C:\xampp\htdocs\pita\system\CodeIgniter.php(419): CodeIgniter\CodeIgniter->runController(Object(App\Controllers\DatabaseController))
#2 C:\xampp\htdocs\pita\system\CodeIgniter.php(326): CodeIgniter\CodeIgniter->handleRequest(NULL, Object(Config\Cache), false)
#3 C:\xampp\htdocs\pita\public\index.php(37): CodeIgniter\CodeIgniter->run()
#4 {main}
CRITICAL - 2022-04-15 20:49:21 --> Call to a member function query() on null
#0 C:\xampp\htdocs\pita\system\CodeIgniter.php(832): App\Controllers\DatabaseController->login()
#1 C:\xampp\htdocs\pita\system\CodeIgniter.php(419): CodeIgniter\CodeIgniter->runController(Object(App\Controllers\DatabaseController))
#2 C:\xampp\htdocs\pita\system\CodeIgniter.php(326): CodeIgniter\CodeIgniter->handleRequest(NULL, Object(Config\Cache), false)
#3 C:\xampp\htdocs\pita\public\index.php(37): CodeIgniter\CodeIgniter->run()
#4 {main}
ERROR - 2022-04-15 20:52:04 --> You have an error in your SQL syntax; check the manual that corresponds to your MariaDB server version for the right syntax to use near ''admin' at line 1
CRITICAL - 2022-04-15 20:52:04 --> You have an error in your SQL syntax; check the manual that corresponds to your MariaDB server version for the right syntax to use near ''admin' at line 1
#0 C:\xampp\htdocs\pita\system\Database\MySQLi\Connection.php(292): mysqli->query('SELECT * FROM U...', 0)
#1 C:\xampp\htdocs\pita\system\Database\BaseConnection.php(670): CodeIgniter\Database\MySQLi\Connection->execute('SELECT * FROM U...')
#2 C:\xampp\htdocs\pita\system\Database\BaseConnection.php(598): CodeIgniter\Database\BaseConnection->simpleQuery('SELECT * FROM U...')
#3 C:\xampp\htdocs\pita\app\Controllers\DatabaseController.php(17): CodeIgniter\Database\BaseConnection->query('SELECT * FROM U...')
#4 C:\xampp\htdocs\pita\system\CodeIgniter.php(832): App\Controllers\DatabaseController->login()
#5 C:\xampp\htdocs\pita\system\CodeIgniter.php(419): CodeIgniter\CodeIgniter->runController(Object(App\Controllers\DatabaseController))
#6 C:\xampp\htdocs\pita\system\CodeIgniter.php(326): CodeIgniter\CodeIgniter->handleRequest(NULL, Object(Config\Cache), false)
#7 C:\xampp\htdocs\pita\public\index.php(37): CodeIgniter\CodeIgniter->run()
#8 {main}
CRITICAL - 2022-04-15 20:53:00 --> Call to a member function query() on null
#0 C:\xampp\htdocs\pita\system\CodeIgniter.php(832): App\Controllers\DatabaseController->login()
#1 C:\xampp\htdocs\pita\system\CodeIgniter.php(419): CodeIgniter\CodeIgniter->runController(Object(App\Controllers\DatabaseController))
#2 C:\xampp\htdocs\pita\system\CodeIgniter.php(326): CodeIgniter\CodeIgniter->handleRequest(NULL, Object(Config\Cache), false)
#3 C:\xampp\htdocs\pita\public\index.php(37): CodeIgniter\CodeIgniter->run()
#4 {main}
ERROR - 2022-04-15 20:53:26 --> You have an error in your SQL syntax; check the manual that corresponds to your MariaDB server version for the right syntax to use near ''admin' at line 1
CRITICAL - 2022-04-15 20:53:26 --> You have an error in your SQL syntax; check the manual that corresponds to your MariaDB server version for the right syntax to use near ''admin' at line 1
#0 C:\xampp\htdocs\pita\system\Database\MySQLi\Connection.php(292): mysqli->query('SELECT * FROM U...', 0)
#1 C:\xampp\htdocs\pita\system\Database\BaseConnection.php(670): CodeIgniter\Database\MySQLi\Connection->execute('SELECT * FROM U...')
#2 C:\xampp\htdocs\pita\system\Database\BaseConnection.php(598): CodeIgniter\Database\BaseConnection->simpleQuery('SELECT * FROM U...')
#3 C:\xampp\htdocs\pita\app\Controllers\DatabaseController.php(16): CodeIgniter\Database\BaseConnection->query('SELECT * FROM U...')
#4 C:\xampp\htdocs\pita\system\CodeIgniter.php(832): App\Controllers\DatabaseController->login()
#5 C:\xampp\htdocs\pita\system\CodeIgniter.php(419): CodeIgniter\CodeIgniter->runController(Object(App\Controllers\DatabaseController))
#6 C:\xampp\htdocs\pita\system\CodeIgniter.php(326): CodeIgniter\CodeIgniter->handleRequest(NULL, Object(Config\Cache), false)
#7 C:\xampp\htdocs\pita\public\index.php(37): CodeIgniter\CodeIgniter->run()
#8 {main}
CRITICAL - 2022-04-15 20:54:13 --> Call to a member function set() on null
#0 C:\xampp\htdocs\pita\system\CodeIgniter.php(832): App\Controllers\DatabaseController->login()
#1 C:\xampp\htdocs\pita\system\CodeIgniter.php(419): CodeIgniter\CodeIgniter->runController(Object(App\Controllers\DatabaseController))
#2 C:\xampp\htdocs\pita\system\CodeIgniter.php(326): CodeIgniter\CodeIgniter->handleRequest(NULL, Object(Config\Cache), false)
#3 C:\xampp\htdocs\pita\public\index.php(37): CodeIgniter\CodeIgniter->run()
#4 {main}
CRITICAL - 2022-04-15 21:20:48 --> Undefined property: App\Controllers\Views::$load
#0 C:\xampp\htdocs\pita\app\Controllers\BaseController.php(54): CodeIgniter\Debug\Exceptions->errorHandler(2, 'Undefined prope...', 'C:\\xampp\\htdocs...', 54)
#1 C:\xampp\htdocs\pita\system\CodeIgniter.php(810): App\Controllers\BaseController->initController(Object(CodeIgniter\HTTP\IncomingRequest), Object(CodeIgniter\HTTP\Response), Object(CodeIgniter\Log\Logger))
#2 C:\xampp\htdocs\pita\system\CodeIgniter.php(410): CodeIgniter\CodeIgniter->createController()
#3 C:\xampp\htdocs\pita\system\CodeIgniter.php(326): CodeIgniter\CodeIgniter->handleRequest(NULL, Object(Config\Cache), false)
#4 C:\xampp\htdocs\pita\public\index.php(37): CodeIgniter\CodeIgniter->run()
#5 {main}
