CRITICAL - 2022-04-20 04:24:58 --> Undefined property: CodeIgniter\View\View::$session
#0 C:\xampp\htdocs\pita\app\Views\student\student_home.php(2): CodeIgniter\Debug\Exceptions->errorHandler(2, 'Undefined prope...', 'C:\\xampp\\htdocs...', 2)
#1 C:\xampp\htdocs\pita\system\View\View.php(210): include('C:\\xampp\\htdocs...')
#2 C:\xampp\htdocs\pita\system\View\View.php(213): CodeIgniter\View\View->CodeIgniter\View\{closure}()
#3 C:\xampp\htdocs\pita\system\Common.php(1089): CodeIgniter\View\View->render('student/student...', Array, true)
#4 C:\xampp\htdocs\pita\app\Controllers\Views.php(25): view('student/student...')
#5 C:\xampp\htdocs\pita\system\CodeIgniter.php(832): App\Controllers\Views->view_student()
#6 C:\xampp\htdocs\pita\system\CodeIgniter.php(419): CodeIgniter\CodeIgniter->runController(Object(App\Controllers\Views))
#7 C:\xampp\htdocs\pita\system\CodeIgniter.php(326): CodeIgniter\CodeIgniter->handleRequest(NULL, Object(Config\Cache), false)
#8 C:\xampp\htdocs\pita\public\index.php(37): CodeIgniter\CodeIgniter->run()
#9 {main}
CRITICAL - 2022-04-20 04:26:46 --> Undefined property: CodeIgniter\View\View::$session
#0 C:\xampp\htdocs\pita\app\Views\student\student_home.php(2): CodeIgniter\Debug\Exceptions->errorHandler(2, 'Undefined prope...', 'C:\\xampp\\htdocs...', 2)
#1 C:\xampp\htdocs\pita\system\View\View.php(210): include('C:\\xampp\\htdocs...')
#2 C:\xampp\htdocs\pita\system\View\View.php(213): CodeIgniter\View\View->CodeIgniter\View\{closure}()
#3 C:\xampp\htdocs\pita\system\Common.php(1089): CodeIgniter\View\View->render('student/student...', Array, true)
#4 C:\xampp\htdocs\pita\app\Controllers\Views.php(25): view('student/student...')
#5 C:\xampp\htdocs\pita\system\CodeIgniter.php(832): App\Controllers\Views->view_student()
#6 C:\xampp\htdocs\pita\system\CodeIgniter.php(419): CodeIgniter\CodeIgniter->runController(Object(App\Controllers\Views))
#7 C:\xampp\htdocs\pita\system\CodeIgniter.php(326): CodeIgniter\CodeIgniter->handleRequest(NULL, Object(Config\Cache), false)
#8 C:\xampp\htdocs\pita\public\index.php(37): CodeIgniter\CodeIgniter->run()
#9 {main}
CRITICAL - 2022-04-20 04:28:23 --> Undefined property: CodeIgniter\View\View::$session
#0 C:\xampp\htdocs\pita\app\Views\student\student_home.php(2): CodeIgniter\Debug\Exceptions->errorHandler(2, 'Undefined prope...', 'C:\\xampp\\htdocs...', 2)
#1 C:\xampp\htdocs\pita\system\View\View.php(210): include('C:\\xampp\\htdocs...')
#2 C:\xampp\htdocs\pita\system\View\View.php(213): CodeIgniter\View\View->CodeIgniter\View\{closure}()
#3 C:\xampp\htdocs\pita\system\Common.php(1089): CodeIgniter\View\View->render('student/student...', Array, true)
#4 C:\xampp\htdocs\pita\app\Controllers\Views.php(25): view('student/student...')
#5 C:\xampp\htdocs\pita\system\CodeIgniter.php(832): App\Controllers\Views->view_student()
#6 C:\xampp\htdocs\pita\system\CodeIgniter.php(419): CodeIgniter\CodeIgniter->runController(Object(App\Controllers\Views))
#7 C:\xampp\htdocs\pita\system\CodeIgniter.php(326): CodeIgniter\CodeIgniter->handleRequest(NULL, Object(Config\Cache), false)
#8 C:\xampp\htdocs\pita\public\index.php(37): CodeIgniter\CodeIgniter->run()
#9 {main}
CRITICAL - 2022-04-20 04:49:20 --> Undefined array key "logged_in"
#0 C:\xampp\htdocs\pita\app\Views\student\student_home.php(3): CodeIgniter\Debug\Exceptions->errorHandler(2, 'Undefined array...', 'C:\\xampp\\htdocs...', 3)
#1 C:\xampp\htdocs\pita\system\View\View.php(210): include('C:\\xampp\\htdocs...')
#2 C:\xampp\htdocs\pita\system\View\View.php(213): CodeIgniter\View\View->CodeIgniter\View\{closure}()
#3 C:\xampp\htdocs\pita\system\Common.php(1089): CodeIgniter\View\View->render('student/student...', Array, true)
#4 C:\xampp\htdocs\pita\app\Controllers\Views.php(25): view('student/student...')
#5 C:\xampp\htdocs\pita\system\CodeIgniter.php(832): App\Controllers\Views->view_student()
#6 C:\xampp\htdocs\pita\system\CodeIgniter.php(419): CodeIgniter\CodeIgniter->runController(Object(App\Controllers\Views))
#7 C:\xampp\htdocs\pita\system\CodeIgniter.php(326): CodeIgniter\CodeIgniter->handleRequest(NULL, Object(Config\Cache), false)
#8 C:\xampp\htdocs\pita\public\index.php(37): CodeIgniter\CodeIgniter->run()
#9 {main}
CRITICAL - 2022-04-20 04:50:12 --> Undefined array key "logged_in"
#0 C:\xampp\htdocs\pita\app\Views\student\student_home.php(3): CodeIgniter\Debug\Exceptions->errorHandler(2, 'Undefined array...', 'C:\\xampp\\htdocs...', 3)
#1 C:\xampp\htdocs\pita\system\View\View.php(210): include('C:\\xampp\\htdocs...')
#2 C:\xampp\htdocs\pita\system\View\View.php(213): CodeIgniter\View\View->CodeIgniter\View\{closure}()
#3 C:\xampp\htdocs\pita\system\Common.php(1089): CodeIgniter\View\View->render('student/student...', Array, true)
#4 C:\xampp\htdocs\pita\app\Controllers\Views.php(25): view('student/student...')
#5 C:\xampp\htdocs\pita\system\CodeIgniter.php(832): App\Controllers\Views->view_student()
#6 C:\xampp\htdocs\pita\system\CodeIgniter.php(419): CodeIgniter\CodeIgniter->runController(Object(App\Controllers\Views))
#7 C:\xampp\htdocs\pita\system\CodeIgniter.php(326): CodeIgniter\CodeIgniter->handleRequest(NULL, Object(Config\Cache), false)
#8 C:\xampp\htdocs\pita\public\index.php(37): CodeIgniter\CodeIgniter->run()
#9 {main}
CRITICAL - 2022-04-20 04:51:44 --> Undefined variable $session
#0 C:\xampp\htdocs\pita\app\Views\student\student_home.php(3): CodeIgniter\Debug\Exceptions->errorHandler(2, 'Undefined varia...', 'C:\\xampp\\htdocs...', 3)
#1 C:\xampp\htdocs\pita\system\View\View.php(210): include('C:\\xampp\\htdocs...')
#2 C:\xampp\htdocs\pita\system\View\View.php(213): CodeIgniter\View\View->CodeIgniter\View\{closure}()
#3 C:\xampp\htdocs\pita\system\Common.php(1089): CodeIgniter\View\View->render('student/student...', Array, true)
#4 C:\xampp\htdocs\pita\app\Controllers\Views.php(25): view('student/student...')
#5 C:\xampp\htdocs\pita\system\CodeIgniter.php(832): App\Controllers\Views->view_student()
#6 C:\xampp\htdocs\pita\system\CodeIgniter.php(419): CodeIgniter\CodeIgniter->runController(Object(App\Controllers\Views))
#7 C:\xampp\htdocs\pita\system\CodeIgniter.php(326): CodeIgniter\CodeIgniter->handleRequest(NULL, Object(Config\Cache), false)
#8 C:\xampp\htdocs\pita\public\index.php(37): CodeIgniter\CodeIgniter->run()
#9 {main}
CRITICAL - 2022-04-20 04:54:01 --> Invalid file: views/index.php
#0 C:\xampp\htdocs\pita\system\View\View.php(198): CodeIgniter\Exceptions\FrameworkException::forInvalidFile('views/index.php')
#1 C:\xampp\htdocs\pita\system\Common.php(1089): CodeIgniter\View\View->render('views/index', Array, true)
#2 C:\xampp\htdocs\pita\app\Views\student\student_home.php(7): view('views/index')
#3 C:\xampp\htdocs\pita\system\View\View.php(210): include('C:\\xampp\\htdocs...')
#4 C:\xampp\htdocs\pita\system\View\View.php(213): CodeIgniter\View\View->CodeIgniter\View\{closure}()
#5 C:\xampp\htdocs\pita\system\Common.php(1089): CodeIgniter\View\View->render('student/student...', Array, true)
#6 C:\xampp\htdocs\pita\app\Controllers\Views.php(25): view('student/student...')
#7 C:\xampp\htdocs\pita\system\CodeIgniter.php(832): App\Controllers\Views->view_student()
#8 C:\xampp\htdocs\pita\system\CodeIgniter.php(419): CodeIgniter\CodeIgniter->runController(Object(App\Controllers\Views))
#9 C:\xampp\htdocs\pita\system\CodeIgniter.php(326): CodeIgniter\CodeIgniter->handleRequest(NULL, Object(Config\Cache), false)
#10 C:\xampp\htdocs\pita\public\index.php(37): CodeIgniter\CodeIgniter->run()
#11 {main}
CRITICAL - 2022-04-20 04:54:17 --> Invalid file: views/index.php
#0 C:\xampp\htdocs\pita\system\View\View.php(198): CodeIgniter\Exceptions\FrameworkException::forInvalidFile('views/index.php')
#1 C:\xampp\htdocs\pita\system\Common.php(1089): CodeIgniter\View\View->render('views/index', Array, true)
#2 C:\xampp\htdocs\pita\app\Views\student\student_home.php(7): view('views/index')
#3 C:\xampp\htdocs\pita\system\View\View.php(210): include('C:\\xampp\\htdocs...')
#4 C:\xampp\htdocs\pita\system\View\View.php(213): CodeIgniter\View\View->CodeIgniter\View\{closure}()
#5 C:\xampp\htdocs\pita\system\Common.php(1089): CodeIgniter\View\View->render('student/student...', Array, true)
#6 C:\xampp\htdocs\pita\app\Controllers\Views.php(25): view('student/student...')
#7 C:\xampp\htdocs\pita\system\CodeIgniter.php(832): App\Controllers\Views->view_student()
#8 C:\xampp\htdocs\pita\system\CodeIgniter.php(419): CodeIgniter\CodeIgniter->runController(Object(App\Controllers\Views))
#9 C:\xampp\htdocs\pita\system\CodeIgniter.php(326): CodeIgniter\CodeIgniter->handleRequest(NULL, Object(Config\Cache), false)
#10 C:\xampp\htdocs\pita\public\index.php(37): CodeIgniter\CodeIgniter->run()
#11 {main}
CRITICAL - 2022-04-20 05:01:28 --> Undefined property: CodeIgniter\View\View::$session
#0 C:\xampp\htdocs\pita\app\Views\student\student_home.php(3): CodeIgniter\Debug\Exceptions->errorHandler(2, 'Undefined prope...', 'C:\\xampp\\htdocs...', 3)
#1 C:\xampp\htdocs\pita\system\View\View.php(210): include('C:\\xampp\\htdocs...')
#2 C:\xampp\htdocs\pita\system\View\View.php(213): CodeIgniter\View\View->CodeIgniter\View\{closure}()
#3 C:\xampp\htdocs\pita\system\Common.php(1089): CodeIgniter\View\View->render('student/student...', Array, true)
#4 C:\xampp\htdocs\pita\app\Controllers\Views.php(25): view('student/student...')
#5 C:\xampp\htdocs\pita\system\CodeIgniter.php(832): App\Controllers\Views->view_student()
#6 C:\xampp\htdocs\pita\system\CodeIgniter.php(419): CodeIgniter\CodeIgniter->runController(Object(App\Controllers\Views))
#7 C:\xampp\htdocs\pita\system\CodeIgniter.php(326): CodeIgniter\CodeIgniter->handleRequest(NULL, Object(Config\Cache), false)
#8 C:\xampp\htdocs\pita\public\index.php(37): CodeIgniter\CodeIgniter->run()
#9 {main}
CRITICAL - 2022-04-20 05:04:05 --> Undefined array key "logged_in"
#0 C:\xampp\htdocs\pita\app\Views\student\student_home.php(3): CodeIgniter\Debug\Exceptions->errorHandler(2, 'Undefined array...', 'C:\\xampp\\htdocs...', 3)
#1 C:\xampp\htdocs\pita\system\View\View.php(210): include('C:\\xampp\\htdocs...')
#2 C:\xampp\htdocs\pita\system\View\View.php(213): CodeIgniter\View\View->CodeIgniter\View\{closure}()
#3 C:\xampp\htdocs\pita\system\Common.php(1089): CodeIgniter\View\View->render('student/student...', Array, true)
#4 C:\xampp\htdocs\pita\app\Controllers\Views.php(25): view('student/student...')
#5 C:\xampp\htdocs\pita\system\CodeIgniter.php(832): App\Controllers\Views->view_student()
#6 C:\xampp\htdocs\pita\system\CodeIgniter.php(419): CodeIgniter\CodeIgniter->runController(Object(App\Controllers\Views))
#7 C:\xampp\htdocs\pita\system\CodeIgniter.php(326): CodeIgniter\CodeIgniter->handleRequest(NULL, Object(Config\Cache), false)
#8 C:\xampp\htdocs\pita\public\index.php(37): CodeIgniter\CodeIgniter->run()
#9 {main}
CRITICAL - 2022-04-20 05:04:07 --> Undefined array key "logged_in"
#0 C:\xampp\htdocs\pita\app\Views\student\student_home.php(3): CodeIgniter\Debug\Exceptions->errorHandler(2, 'Undefined array...', 'C:\\xampp\\htdocs...', 3)
#1 C:\xampp\htdocs\pita\system\View\View.php(210): include('C:\\xampp\\htdocs...')
#2 C:\xampp\htdocs\pita\system\View\View.php(213): CodeIgniter\View\View->CodeIgniter\View\{closure}()
#3 C:\xampp\htdocs\pita\system\Common.php(1089): CodeIgniter\View\View->render('student/student...', Array, true)
#4 C:\xampp\htdocs\pita\app\Controllers\Views.php(25): view('student/student...')
#5 C:\xampp\htdocs\pita\system\CodeIgniter.php(832): App\Controllers\Views->view_student()
#6 C:\xampp\htdocs\pita\system\CodeIgniter.php(419): CodeIgniter\CodeIgniter->runController(Object(App\Controllers\Views))
#7 C:\xampp\htdocs\pita\system\CodeIgniter.php(326): CodeIgniter\CodeIgniter->handleRequest(NULL, Object(Config\Cache), false)
#8 C:\xampp\htdocs\pita\public\index.php(37): CodeIgniter\CodeIgniter->run()
#9 {main}
CRITICAL - 2022-04-20 05:04:46 --> Undefined array key "logged_in"
#0 C:\xampp\htdocs\pita\app\Views\student\student_home.php(3): CodeIgniter\Debug\Exceptions->errorHandler(2, 'Undefined array...', 'C:\\xampp\\htdocs...', 3)
#1 C:\xampp\htdocs\pita\system\View\View.php(210): include('C:\\xampp\\htdocs...')
#2 C:\xampp\htdocs\pita\system\View\View.php(213): CodeIgniter\View\View->CodeIgniter\View\{closure}()
#3 C:\xampp\htdocs\pita\system\Common.php(1089): CodeIgniter\View\View->render('student/student...', Array, true)
#4 C:\xampp\htdocs\pita\app\Controllers\Views.php(25): view('student/student...')
#5 C:\xampp\htdocs\pita\system\CodeIgniter.php(832): App\Controllers\Views->view_student()
#6 C:\xampp\htdocs\pita\system\CodeIgniter.php(419): CodeIgniter\CodeIgniter->runController(Object(App\Controllers\Views))
#7 C:\xampp\htdocs\pita\system\CodeIgniter.php(326): CodeIgniter\CodeIgniter->handleRequest(NULL, Object(Config\Cache), false)
#8 C:\xampp\htdocs\pita\public\index.php(37): CodeIgniter\CodeIgniter->run()
#9 {main}
CRITICAL - 2022-04-20 05:15:26 -->  route cannot be found while reverse-routing.
#0 C:\xampp\htdocs\pita\system\HTTP\RedirectResponse.php(56): CodeIgniter\HTTP\Exceptions\HTTPException::forInvalidRedirectRoute('')
#1 C:\xampp\htdocs\pita\system\Common.php(832): CodeIgniter\HTTP\RedirectResponse->route(false)
#2 C:\xampp\htdocs\pita\app\Views\student\student_home.php(7): redirect('/views/index')
#3 C:\xampp\htdocs\pita\system\View\View.php(210): include('C:\\xampp\\htdocs...')
#4 C:\xampp\htdocs\pita\system\View\View.php(213): CodeIgniter\View\View->CodeIgniter\View\{closure}()
#5 C:\xampp\htdocs\pita\system\Common.php(1089): CodeIgniter\View\View->render('student/student...', Array, true)
#6 C:\xampp\htdocs\pita\app\Controllers\Views.php(25): view('student/student...')
#7 C:\xampp\htdocs\pita\system\CodeIgniter.php(832): App\Controllers\Views->view_student()
#8 C:\xampp\htdocs\pita\system\CodeIgniter.php(419): CodeIgniter\CodeIgniter->runController(Object(App\Controllers\Views))
#9 C:\xampp\htdocs\pita\system\CodeIgniter.php(326): CodeIgniter\CodeIgniter->handleRequest(NULL, Object(Config\Cache), false)
#10 C:\xampp\htdocs\pita\public\index.php(37): CodeIgniter\CodeIgniter->run()
#11 {main}
CRITICAL - 2022-04-20 06:49:13 -->  route cannot be found while reverse-routing.
#0 C:\xampp\htdocs\pita\system\HTTP\RedirectResponse.php(56): CodeIgniter\HTTP\Exceptions\HTTPException::forInvalidRedirectRoute('')
#1 C:\xampp\htdocs\pita\app\Views\student\student_home.php(8): CodeIgniter\HTTP\RedirectResponse->route(false)
#2 C:\xampp\htdocs\pita\system\View\View.php(210): include('C:\\xampp\\htdocs...')
#3 C:\xampp\htdocs\pita\system\View\View.php(213): CodeIgniter\View\View->CodeIgniter\View\{closure}()
#4 C:\xampp\htdocs\pita\system\Common.php(1089): CodeIgniter\View\View->render('student/student...', Array, true)
#5 C:\xampp\htdocs\pita\app\Controllers\Views.php(25): view('student/student...')
#6 C:\xampp\htdocs\pita\system\CodeIgniter.php(832): App\Controllers\Views->view_student()
#7 C:\xampp\htdocs\pita\system\CodeIgniter.php(419): CodeIgniter\CodeIgniter->runController(Object(App\Controllers\Views))
#8 C:\xampp\htdocs\pita\system\CodeIgniter.php(326): CodeIgniter\CodeIgniter->handleRequest(NULL, Object(Config\Cache), false)
#9 C:\xampp\htdocs\pita\public\index.php(37): CodeIgniter\CodeIgniter->run()
#10 {main}
CRITICAL - 2022-04-20 06:56:34 --> Undefined array key 1
#0 C:\xampp\htdocs\pita\system\Router\Router.php(429): CodeIgniter\Debug\Exceptions->errorHandler(2, 'Undefined array...', 'C:\\xampp\\htdocs...', 429)
#1 C:\xampp\htdocs\pita\system\Router\Router.php(154): CodeIgniter\Router\Router->checkRoutes('views/index')
#2 C:\xampp\htdocs\pita\system\CodeIgniter.php(726): CodeIgniter\Router\Router->handle('views/index')
#3 C:\xampp\htdocs\pita\system\CodeIgniter.php(368): CodeIgniter\CodeIgniter->tryToRouteIt(Object(CodeIgniter\Router\RouteCollection))
#4 C:\xampp\htdocs\pita\system\CodeIgniter.php(326): CodeIgniter\CodeIgniter->handleRequest(NULL, Object(Config\Cache), false)
#5 C:\xampp\htdocs\pita\public\index.php(37): CodeIgniter\CodeIgniter->run()
#6 {main}
CRITICAL - 2022-04-20 07:01:58 -->  route cannot be found while reverse-routing.
#0 C:\xampp\htdocs\pita\system\HTTP\RedirectResponse.php(56): CodeIgniter\HTTP\Exceptions\HTTPException::forInvalidRedirectRoute('')
#1 C:\xampp\htdocs\pita\system\Common.php(832): CodeIgniter\HTTP\RedirectResponse->route(false)
#2 C:\xampp\htdocs\pita\app\Views\student\student_home.php(8): redirect('views/index', 'Views::index', 304)
#3 C:\xampp\htdocs\pita\system\View\View.php(210): include('C:\\xampp\\htdocs...')
#4 C:\xampp\htdocs\pita\system\View\View.php(213): CodeIgniter\View\View->CodeIgniter\View\{closure}()
#5 C:\xampp\htdocs\pita\system\Common.php(1089): CodeIgniter\View\View->render('student/student...', Array, true)
#6 C:\xampp\htdocs\pita\app\Controllers\Views.php(25): view('student/student...')
#7 C:\xampp\htdocs\pita\system\CodeIgniter.php(832): App\Controllers\Views->view_student()
#8 C:\xampp\htdocs\pita\system\CodeIgniter.php(419): CodeIgniter\CodeIgniter->runController(Object(App\Controllers\Views))
#9 C:\xampp\htdocs\pita\system\CodeIgniter.php(326): CodeIgniter\CodeIgniter->handleRequest(NULL, Object(Config\Cache), false)
#10 C:\xampp\htdocs\pita\public\index.php(37): CodeIgniter\CodeIgniter->run()
#11 {main}
CRITICAL - 2022-04-20 07:03:57 -->  route cannot be found while reverse-routing.
#0 C:\xampp\htdocs\pita\system\HTTP\RedirectResponse.php(56): CodeIgniter\HTTP\Exceptions\HTTPException::forInvalidRedirectRoute('')
#1 C:\xampp\htdocs\pita\system\Common.php(832): CodeIgniter\HTTP\RedirectResponse->route(false)
#2 C:\xampp\htdocs\pita\app\Views\student\student_home.php(8): redirect('/views/index')
#3 C:\xampp\htdocs\pita\system\View\View.php(210): include('C:\\xampp\\htdocs...')
#4 C:\xampp\htdocs\pita\system\View\View.php(213): CodeIgniter\View\View->CodeIgniter\View\{closure}()
#5 C:\xampp\htdocs\pita\system\Common.php(1089): CodeIgniter\View\View->render('student/student...', Array, true)
#6 C:\xampp\htdocs\pita\app\Controllers\Views.php(25): view('student/student...')
#7 C:\xampp\htdocs\pita\system\CodeIgniter.php(832): App\Controllers\Views->view_student()
#8 C:\xampp\htdocs\pita\system\CodeIgniter.php(419): CodeIgniter\CodeIgniter->runController(Object(App\Controllers\Views))
#9 C:\xampp\htdocs\pita\system\CodeIgniter.php(326): CodeIgniter\CodeIgniter->handleRequest(NULL, Object(Config\Cache), false)
#10 C:\xampp\htdocs\pita\public\index.php(37): CodeIgniter\CodeIgniter->run()
#11 {main}
CRITICAL - 2022-04-20 07:04:40 -->  route cannot be found while reverse-routing.
#0 C:\xampp\htdocs\pita\system\HTTP\RedirectResponse.php(56): CodeIgniter\HTTP\Exceptions\HTTPException::forInvalidRedirectRoute('')
#1 C:\xampp\htdocs\pita\system\Common.php(832): CodeIgniter\HTTP\RedirectResponse->route(false)
#2 C:\xampp\htdocs\pita\app\Views\student\student_home.php(8): redirect('views/index')
#3 C:\xampp\htdocs\pita\system\View\View.php(210): include('C:\\xampp\\htdocs...')
#4 C:\xampp\htdocs\pita\system\View\View.php(213): CodeIgniter\View\View->CodeIgniter\View\{closure}()
#5 C:\xampp\htdocs\pita\system\Common.php(1089): CodeIgniter\View\View->render('student/student...', Array, true)
#6 C:\xampp\htdocs\pita\app\Controllers\Views.php(25): view('student/student...')
#7 C:\xampp\htdocs\pita\system\CodeIgniter.php(832): App\Controllers\Views->view_student()
#8 C:\xampp\htdocs\pita\system\CodeIgniter.php(419): CodeIgniter\CodeIgniter->runController(Object(App\Controllers\Views))
#9 C:\xampp\htdocs\pita\system\CodeIgniter.php(326): CodeIgniter\CodeIgniter->handleRequest(NULL, Object(Config\Cache), false)
#10 C:\xampp\htdocs\pita\public\index.php(37): CodeIgniter\CodeIgniter->run()
#11 {main}
CRITICAL - 2022-04-20 07:05:08 -->  route cannot be found while reverse-routing.
#0 C:\xampp\htdocs\pita\system\HTTP\RedirectResponse.php(56): CodeIgniter\HTTP\Exceptions\HTTPException::forInvalidRedirectRoute('')
#1 C:\xampp\htdocs\pita\system\Common.php(832): CodeIgniter\HTTP\RedirectResponse->route(false)
#2 C:\xampp\htdocs\pita\app\Views\student\student_home.php(8): redirect('http://localhos...')
#3 C:\xampp\htdocs\pita\system\View\View.php(210): include('C:\\xampp\\htdocs...')
#4 C:\xampp\htdocs\pita\system\View\View.php(213): CodeIgniter\View\View->CodeIgniter\View\{closure}()
#5 C:\xampp\htdocs\pita\system\Common.php(1089): CodeIgniter\View\View->render('student/student...', Array, true)
#6 C:\xampp\htdocs\pita\app\Controllers\Views.php(25): view('student/student...')
#7 C:\xampp\htdocs\pita\system\CodeIgniter.php(832): App\Controllers\Views->view_student()
#8 C:\xampp\htdocs\pita\system\CodeIgniter.php(419): CodeIgniter\CodeIgniter->runController(Object(App\Controllers\Views))
#9 C:\xampp\htdocs\pita\system\CodeIgniter.php(326): CodeIgniter\CodeIgniter->handleRequest(NULL, Object(Config\Cache), false)
#10 C:\xampp\htdocs\pita\public\index.php(37): CodeIgniter\CodeIgniter->run()
#11 {main}
CRITICAL - 2022-04-20 07:11:09 --> Too few arguments to function CodeIgniter\Router\RouteCollection::addRedirect(), 1 passed in C:\xampp\htdocs\pita\app\Config\Routes.php on line 35 and at least 2 expected
#0 C:\xampp\htdocs\pita\app\Config\Routes.php(35): CodeIgniter\Router\RouteCollection->addRedirect('/views/index')
#1 C:\xampp\htdocs\pita\system\CodeIgniter.php(713): require('C:\\xampp\\htdocs...')
#2 C:\xampp\htdocs\pita\system\CodeIgniter.php(368): CodeIgniter\CodeIgniter->tryToRouteIt(Object(CodeIgniter\Router\RouteCollection))
#3 C:\xampp\htdocs\pita\system\CodeIgniter.php(326): CodeIgniter\CodeIgniter->handleRequest(NULL, Object(Config\Cache), false)
#4 C:\xampp\htdocs\pita\public\index.php(37): CodeIgniter\CodeIgniter->run()
#5 {main}
CRITICAL - 2022-04-20 07:11:12 --> Too few arguments to function CodeIgniter\Router\RouteCollection::addRedirect(), 1 passed in C:\xampp\htdocs\pita\app\Config\Routes.php on line 35 and at least 2 expected
#0 C:\xampp\htdocs\pita\app\Config\Routes.php(35): CodeIgniter\Router\RouteCollection->addRedirect('/views/index')
#1 C:\xampp\htdocs\pita\system\CodeIgniter.php(713): require('C:\\xampp\\htdocs...')
#2 C:\xampp\htdocs\pita\system\CodeIgniter.php(368): CodeIgniter\CodeIgniter->tryToRouteIt(Object(CodeIgniter\Router\RouteCollection))
#3 C:\xampp\htdocs\pita\system\CodeIgniter.php(326): CodeIgniter\CodeIgniter->handleRequest(NULL, Object(Config\Cache), false)
#4 C:\xampp\htdocs\pita\public\index.php(37): CodeIgniter\CodeIgniter->run()
#5 {main}
CRITICAL - 2022-04-20 07:11:15 --> Too few arguments to function CodeIgniter\Router\RouteCollection::addRedirect(), 1 passed in C:\xampp\htdocs\pita\app\Config\Routes.php on line 35 and at least 2 expected
#0 C:\xampp\htdocs\pita\app\Config\Routes.php(35): CodeIgniter\Router\RouteCollection->addRedirect('/views/index')
#1 C:\xampp\htdocs\pita\system\CodeIgniter.php(713): require('C:\\xampp\\htdocs...')
#2 C:\xampp\htdocs\pita\system\CodeIgniter.php(368): CodeIgniter\CodeIgniter->tryToRouteIt(Object(CodeIgniter\Router\RouteCollection))
#3 C:\xampp\htdocs\pita\system\CodeIgniter.php(326): CodeIgniter\CodeIgniter->handleRequest(NULL, Object(Config\Cache), false)
#4 C:\xampp\htdocs\pita\public\index.php(37): CodeIgniter\CodeIgniter->run()
#5 {main}
CRITICAL - 2022-04-20 07:36:02 --> Undefined array key "logged_in"
#0 C:\xampp\htdocs\pita\app\Views\student\student_home.php(5): CodeIgniter\Debug\Exceptions->errorHandler(2, 'Undefined array...', 'C:\\xampp\\htdocs...', 5)
#1 C:\xampp\htdocs\pita\system\View\View.php(210): include('C:\\xampp\\htdocs...')
#2 C:\xampp\htdocs\pita\system\View\View.php(213): CodeIgniter\View\View->CodeIgniter\View\{closure}()
#3 C:\xampp\htdocs\pita\system\Common.php(1089): CodeIgniter\View\View->render('student/student...', Array, true)
#4 C:\xampp\htdocs\pita\app\Controllers\Views.php(25): view('student/student...')
#5 C:\xampp\htdocs\pita\system\CodeIgniter.php(832): App\Controllers\Views->view_student()
#6 C:\xampp\htdocs\pita\system\CodeIgniter.php(419): CodeIgniter\CodeIgniter->runController(Object(App\Controllers\Views))
#7 C:\xampp\htdocs\pita\system\CodeIgniter.php(326): CodeIgniter\CodeIgniter->handleRequest(NULL, Object(Config\Cache), false)
#8 C:\xampp\htdocs\pita\public\index.php(37): CodeIgniter\CodeIgniter->run()
#9 {main}
