CRITICAL - 2022-04-21 01:06:34 --> Undefined variable $loginmessage
#0 C:\xampp\htdocs\pita\app\Views\sign_up.php(55): CodeIgniter\Debug\Exceptions->errorHandler(2, 'Undefined varia...', 'C:\\xampp\\htdocs...', 55)
#1 C:\xampp\htdocs\pita\system\View\View.php(210): include('C:\\xampp\\htdocs...')
#2 C:\xampp\htdocs\pita\system\View\View.php(213): CodeIgniter\View\View->CodeIgniter\View\{closure}()
#3 C:\xampp\htdocs\pita\system\Common.php(1089): CodeIgniter\View\View->render('sign_up', Array, true)
#4 C:\xampp\htdocs\pita\app\Controllers\Views.php(19): view('sign_up')
#5 C:\xampp\htdocs\pita\system\CodeIgniter.php(832): App\Controllers\Views->signup_page()
#6 C:\xampp\htdocs\pita\system\CodeIgniter.php(419): CodeIgniter\CodeIgniter->runController(Object(App\Controllers\Views))
#7 C:\xampp\htdocs\pita\system\CodeIgniter.php(326): CodeIgniter\CodeIgniter->handleRequest(NULL, Object(Config\Cache), false)
#8 C:\xampp\htdocs\pita\public\index.php(37): CodeIgniter\CodeIgniter->run()
#9 {main}
CRITICAL - 2022-04-21 01:12:36 --> Undefined variable $loginmessage
#0 C:\xampp\htdocs\pita\app\Views\login.php(55): CodeIgniter\Debug\Exceptions->errorHandler(2, 'Undefined varia...', 'C:\\xampp\\htdocs...', 55)
#1 C:\xampp\htdocs\pita\system\View\View.php(210): include('C:\\xampp\\htdocs...')
#2 C:\xampp\htdocs\pita\system\View\View.php(213): CodeIgniter\View\View->CodeIgniter\View\{closure}()
#3 C:\xampp\htdocs\pita\system\Common.php(1089): CodeIgniter\View\View->render('login', Array, true)
#4 C:\xampp\htdocs\pita\app\Controllers\Views.php(15): view('login')
#5 C:\xampp\htdocs\pita\system\CodeIgniter.php(832): App\Controllers\Views->login_page()
#6 C:\xampp\htdocs\pita\system\CodeIgniter.php(419): CodeIgniter\CodeIgniter->runController(Object(App\Controllers\Views))
#7 C:\xampp\htdocs\pita\system\CodeIgniter.php(326): CodeIgniter\CodeIgniter->handleRequest(NULL, Object(Config\Cache), false)
#8 C:\xampp\htdocs\pita\public\index.php(37): CodeIgniter\CodeIgniter->run()
#9 {main}
