CRITICAL - 2022-04-30 06:31:42 --> Undefined array key "announcement_title"
#0 C:\xampp\htdocs\pita\app\Controllers\DatabaseController.php(249): CodeIgniter\Debug\Exceptions->errorHandler(2, 'Undefined array...', 'C:\\xampp\\htdocs...', 249)
#1 C:\xampp\htdocs\pita\system\CodeIgniter.php(832): App\Controllers\DatabaseController->create_teacher_announcements()
#2 C:\xampp\htdocs\pita\system\CodeIgniter.php(419): CodeIgniter\CodeIgniter->runController(Object(App\Controllers\DatabaseController))
#3 C:\xampp\htdocs\pita\system\CodeIgniter.php(326): CodeIgniter\CodeIgniter->handleRequest(NULL, Object(Config\Cache), false)
#4 C:\xampp\htdocs\pita\public\index.php(37): CodeIgniter\CodeIgniter->run()
#5 {main}
CRITICAL - 2022-04-30 06:31:58 --> Undefined array key "announcement_title"
#0 C:\xampp\htdocs\pita\app\Controllers\DatabaseController.php(249): CodeIgniter\Debug\Exceptions->errorHandler(2, 'Undefined array...', 'C:\\xampp\\htdocs...', 249)
#1 C:\xampp\htdocs\pita\system\CodeIgniter.php(832): App\Controllers\DatabaseController->create_teacher_announcements()
#2 C:\xampp\htdocs\pita\system\CodeIgniter.php(419): CodeIgniter\CodeIgniter->runController(Object(App\Controllers\DatabaseController))
#3 C:\xampp\htdocs\pita\system\CodeIgniter.php(326): CodeIgniter\CodeIgniter->handleRequest(NULL, Object(Config\Cache), false)
#4 C:\xampp\htdocs\pita\public\index.php(37): CodeIgniter\CodeIgniter->run()
#5 {main}
CRITICAL - 2022-04-30 06:35:02 --> Undefined array key "announcement_title"
#0 C:\xampp\htdocs\pita\app\Controllers\DatabaseController.php(249): CodeIgniter\Debug\Exceptions->errorHandler(2, 'Undefined array...', 'C:\\xampp\\htdocs...', 249)
#1 C:\xampp\htdocs\pita\system\CodeIgniter.php(832): App\Controllers\DatabaseController->create_teacher_announcements()
#2 C:\xampp\htdocs\pita\system\CodeIgniter.php(419): CodeIgniter\CodeIgniter->runController(Object(App\Controllers\DatabaseController))
#3 C:\xampp\htdocs\pita\system\CodeIgniter.php(326): CodeIgniter\CodeIgniter->handleRequest(NULL, Object(Config\Cache), false)
#4 C:\xampp\htdocs\pita\public\index.php(37): CodeIgniter\CodeIgniter->run()
#5 {main}
CRITICAL - 2022-04-30 07:01:14 --> Undefined variable $actvity_results
#0 C:\xampp\htdocs\pita\app\Views\teacher\teacher_activities.php(223): CodeIgniter\Debug\Exceptions->errorHandler(2, 'Undefined varia...', 'C:\\xampp\\htdocs...', 223)
#1 C:\xampp\htdocs\pita\system\View\View.php(210): include('C:\\xampp\\htdocs...')
#2 C:\xampp\htdocs\pita\system\View\View.php(213): CodeIgniter\View\View->CodeIgniter\View\{closure}()
#3 C:\xampp\htdocs\pita\system\Common.php(1089): CodeIgniter\View\View->render('teacher/teacher...', Array, true)
#4 C:\xampp\htdocs\pita\app\Controllers\Views.php(93): view('teacher/teacher...')
#5 C:\xampp\htdocs\pita\system\CodeIgniter.php(832): App\Controllers\Views->teacher_actvities()
#6 C:\xampp\htdocs\pita\system\CodeIgniter.php(419): CodeIgniter\CodeIgniter->runController(Object(App\Controllers\Views))
#7 C:\xampp\htdocs\pita\system\CodeIgniter.php(326): CodeIgniter\CodeIgniter->handleRequest(NULL, Object(Config\Cache), false)
#8 C:\xampp\htdocs\pita\public\index.php(37): CodeIgniter\CodeIgniter->run()
#9 {main}
ERROR - 2022-04-30 07:03:02 --> Unknown column 'announcement_title' in 'where clause'
CRITICAL - 2022-04-30 07:03:02 --> Unknown column 'announcement_title' in 'where clause'
#0 C:\xampp\htdocs\pita\system\Database\MySQLi\Connection.php(292): mysqli->query('SELECT * FROM a...', 0)
#1 C:\xampp\htdocs\pita\system\Database\BaseConnection.php(670): CodeIgniter\Database\MySQLi\Connection->execute('SELECT * FROM a...')
#2 C:\xampp\htdocs\pita\system\Database\BaseConnection.php(598): CodeIgniter\Database\BaseConnection->simpleQuery('SELECT * FROM a...')
#3 C:\xampp\htdocs\pita\app\Controllers\DatabaseController.php(303): CodeIgniter\Database\BaseConnection->query('SELECT * FROM a...')
#4 C:\xampp\htdocs\pita\system\CodeIgniter.php(832): App\Controllers\DatabaseController->create_activity()
#5 C:\xampp\htdocs\pita\system\CodeIgniter.php(419): CodeIgniter\CodeIgniter->runController(Object(App\Controllers\DatabaseController))
#6 C:\xampp\htdocs\pita\system\CodeIgniter.php(326): CodeIgniter\CodeIgniter->handleRequest(NULL, Object(Config\Cache), false)
#7 C:\xampp\htdocs\pita\public\index.php(37): CodeIgniter\CodeIgniter->run()
#8 {main}
ERROR - 2022-04-30 07:04:05 --> Table 'pita.activities' doesn't exist
CRITICAL - 2022-04-30 07:04:05 --> Table 'pita.activities' doesn't exist
#0 C:\xampp\htdocs\pita\system\Database\MySQLi\Connection.php(292): mysqli->query('INSERT INTO `ac...', 0)
#1 C:\xampp\htdocs\pita\system\Database\BaseConnection.php(670): CodeIgniter\Database\MySQLi\Connection->execute('INSERT INTO `ac...')
#2 C:\xampp\htdocs\pita\system\Database\BaseConnection.php(598): CodeIgniter\Database\BaseConnection->simpleQuery('INSERT INTO `ac...')
#3 C:\xampp\htdocs\pita\system\Database\BaseBuilder.php(1771): CodeIgniter\Database\BaseConnection->query('INSERT INTO `ac...', Array, false)
#4 C:\xampp\htdocs\pita\app\Controllers\DatabaseController.php(313): CodeIgniter\Database\BaseBuilder->insert(Array)
#5 C:\xampp\htdocs\pita\system\CodeIgniter.php(832): App\Controllers\DatabaseController->create_activity()
#6 C:\xampp\htdocs\pita\system\CodeIgniter.php(419): CodeIgniter\CodeIgniter->runController(Object(App\Controllers\DatabaseController))
#7 C:\xampp\htdocs\pita\system\CodeIgniter.php(326): CodeIgniter\CodeIgniter->handleRequest(NULL, Object(Config\Cache), false)
#8 C:\xampp\htdocs\pita\public\index.php(37): CodeIgniter\CodeIgniter->run()
#9 {main}
ERROR - 2022-04-30 07:04:20 --> Table 'pita.activities' doesn't exist
CRITICAL - 2022-04-30 07:04:20 --> Table 'pita.activities' doesn't exist
#0 C:\xampp\htdocs\pita\system\Database\MySQLi\Connection.php(292): mysqli->query('SELECT * FROM a...', 0)
#1 C:\xampp\htdocs\pita\system\Database\BaseConnection.php(670): CodeIgniter\Database\MySQLi\Connection->execute('SELECT * FROM a...')
#2 C:\xampp\htdocs\pita\system\Database\BaseConnection.php(598): CodeIgniter\Database\BaseConnection->simpleQuery('SELECT * FROM a...')
#3 C:\xampp\htdocs\pita\app\Controllers\DatabaseController.php(303): CodeIgniter\Database\BaseConnection->query('SELECT * FROM a...')
#4 C:\xampp\htdocs\pita\system\CodeIgniter.php(832): App\Controllers\DatabaseController->create_activity()
#5 C:\xampp\htdocs\pita\system\CodeIgniter.php(419): CodeIgniter\CodeIgniter->runController(Object(App\Controllers\DatabaseController))
#6 C:\xampp\htdocs\pita\system\CodeIgniter.php(326): CodeIgniter\CodeIgniter->handleRequest(NULL, Object(Config\Cache), false)
#7 C:\xampp\htdocs\pita\public\index.php(37): CodeIgniter\CodeIgniter->run()
#8 {main}
ERROR - 2022-04-30 07:04:53 --> Table 'pita.activities' doesn't exist
CRITICAL - 2022-04-30 07:04:53 --> Table 'pita.activities' doesn't exist
#0 C:\xampp\htdocs\pita\system\Database\MySQLi\Connection.php(292): mysqli->query('INSERT INTO `ac...', 0)
#1 C:\xampp\htdocs\pita\system\Database\BaseConnection.php(670): CodeIgniter\Database\MySQLi\Connection->execute('INSERT INTO `ac...')
#2 C:\xampp\htdocs\pita\system\Database\BaseConnection.php(598): CodeIgniter\Database\BaseConnection->simpleQuery('INSERT INTO `ac...')
#3 C:\xampp\htdocs\pita\system\Database\BaseBuilder.php(1771): CodeIgniter\Database\BaseConnection->query('INSERT INTO `ac...', Array, false)
#4 C:\xampp\htdocs\pita\app\Controllers\DatabaseController.php(313): CodeIgniter\Database\BaseBuilder->insert(Array)
#5 C:\xampp\htdocs\pita\system\CodeIgniter.php(832): App\Controllers\DatabaseController->create_activity()
#6 C:\xampp\htdocs\pita\system\CodeIgniter.php(419): CodeIgniter\CodeIgniter->runController(Object(App\Controllers\DatabaseController))
#7 C:\xampp\htdocs\pita\system\CodeIgniter.php(326): CodeIgniter\CodeIgniter->handleRequest(NULL, Object(Config\Cache), false)
#8 C:\xampp\htdocs\pita\public\index.php(37): CodeIgniter\CodeIgniter->run()
#9 {main}
CRITICAL - 2022-04-30 07:06:29 --> Undefined property: stdClass::$aactivity_title
#0 C:\xampp\htdocs\pita\app\Views\teacher\teacher_activities.php(228): CodeIgniter\Debug\Exceptions->errorHandler(2, 'Undefined prope...', 'C:\\xampp\\htdocs...', 228)
#1 C:\xampp\htdocs\pita\system\View\View.php(210): include('C:\\xampp\\htdocs...')
#2 C:\xampp\htdocs\pita\system\View\View.php(213): CodeIgniter\View\View->CodeIgniter\View\{closure}()
#3 C:\xampp\htdocs\pita\system\Common.php(1089): CodeIgniter\View\View->render('teacher/teacher...', Array, true)
#4 C:\xampp\htdocs\pita\app\Controllers\Views.php(93): view('teacher/teacher...')
#5 C:\xampp\htdocs\pita\system\CodeIgniter.php(832): App\Controllers\Views->teacher_actvities()
#6 C:\xampp\htdocs\pita\system\CodeIgniter.php(419): CodeIgniter\CodeIgniter->runController(Object(App\Controllers\Views))
#7 C:\xampp\htdocs\pita\system\CodeIgniter.php(326): CodeIgniter\CodeIgniter->handleRequest(NULL, Object(Config\Cache), false)
#8 C:\xampp\htdocs\pita\public\index.php(37): CodeIgniter\CodeIgniter->run()
#9 {main}
CRITICAL - 2022-04-30 07:06:37 --> Undefined variable $announcementRow
#0 C:\xampp\htdocs\pita\app\Views\teacher\teacher_activities.php(276): CodeIgniter\Debug\Exceptions->errorHandler(2, 'Undefined varia...', 'C:\\xampp\\htdocs...', 276)
#1 C:\xampp\htdocs\pita\system\View\View.php(210): include('C:\\xampp\\htdocs...')
#2 C:\xampp\htdocs\pita\system\View\View.php(213): CodeIgniter\View\View->CodeIgniter\View\{closure}()
#3 C:\xampp\htdocs\pita\system\Common.php(1089): CodeIgniter\View\View->render('teacher/teacher...', Array, true)
#4 C:\xampp\htdocs\pita\app\Controllers\Views.php(93): view('teacher/teacher...')
#5 C:\xampp\htdocs\pita\system\CodeIgniter.php(832): App\Controllers\Views->teacher_actvities()
#6 C:\xampp\htdocs\pita\system\CodeIgniter.php(419): CodeIgniter\CodeIgniter->runController(Object(App\Controllers\Views))
#7 C:\xampp\htdocs\pita\system\CodeIgniter.php(326): CodeIgniter\CodeIgniter->handleRequest(NULL, Object(Config\Cache), false)
#8 C:\xampp\htdocs\pita\public\index.php(37): CodeIgniter\CodeIgniter->run()
#9 {main}
CRITICAL - 2022-04-30 07:12:18 --> Undefined array key "activity_id"
#0 C:\xampp\htdocs\pita\app\Controllers\DatabaseController.php(321): CodeIgniter\Debug\Exceptions->errorHandler(2, 'Undefined array...', 'C:\\xampp\\htdocs...', 321)
#1 C:\xampp\htdocs\pita\system\CodeIgniter.php(832): App\Controllers\DatabaseController->update_activity()
#2 C:\xampp\htdocs\pita\system\CodeIgniter.php(419): CodeIgniter\CodeIgniter->runController(Object(App\Controllers\DatabaseController))
#3 C:\xampp\htdocs\pita\system\CodeIgniter.php(326): CodeIgniter\CodeIgniter->handleRequest(NULL, Object(Config\Cache), false)
#4 C:\xampp\htdocs\pita\public\index.php(37): CodeIgniter\CodeIgniter->run()
#5 {main}
CRITICAL - 2022-04-30 07:24:38 --> Request URI segment is out of range: 2
#0 C:\xampp\htdocs\pita\system\HTTP\URI.php(529): CodeIgniter\HTTP\Exceptions\HTTPException::forURISegmentOutOfRange(2)
#1 C:\xampp\htdocs\pita\app\Controllers\Views.php(105): CodeIgniter\HTTP\URI->getSegment(2)
#2 C:\xampp\htdocs\pita\system\CodeIgniter.php(832): App\Controllers\Views->teacher_activity_results('1')
#3 C:\xampp\htdocs\pita\system\CodeIgniter.php(419): CodeIgniter\CodeIgniter->runController(Object(App\Controllers\Views))
#4 C:\xampp\htdocs\pita\system\CodeIgniter.php(326): CodeIgniter\CodeIgniter->handleRequest(NULL, Object(Config\Cache), false)
#5 C:\xampp\htdocs\pita\public\index.php(37): CodeIgniter\CodeIgniter->run()
#6 {main}
CRITICAL - 2022-04-30 07:39:35 --> Undefined property: CodeIgniter\View\View::$request
#0 C:\xampp\htdocs\pita\app\Views\teacher\teacher_activity_results.php(224): CodeIgniter\Debug\Exceptions->errorHandler(2, 'Undefined prope...', 'C:\\xampp\\htdocs...', 224)
#1 C:\xampp\htdocs\pita\system\View\View.php(210): include('C:\\xampp\\htdocs...')
#2 C:\xampp\htdocs\pita\system\View\View.php(213): CodeIgniter\View\View->CodeIgniter\View\{closure}()
#3 C:\xampp\htdocs\pita\system\Common.php(1089): CodeIgniter\View\View->render('teacher/teacher...', Array, true)
#4 C:\xampp\htdocs\pita\app\Controllers\Views.php(106): view('teacher/teacher...')
#5 C:\xampp\htdocs\pita\system\CodeIgniter.php(832): App\Controllers\Views->teacher_activity_results('1')
#6 C:\xampp\htdocs\pita\system\CodeIgniter.php(419): CodeIgniter\CodeIgniter->runController(Object(App\Controllers\Views))
#7 C:\xampp\htdocs\pita\system\CodeIgniter.php(326): CodeIgniter\CodeIgniter->handleRequest(NULL, Object(Config\Cache), false)
#8 C:\xampp\htdocs\pita\public\index.php(37): CodeIgniter\CodeIgniter->run()
#9 {main}
CRITICAL - 2022-04-30 07:43:59 --> Request URI segment is out of range: 2
#0 C:\xampp\htdocs\pita\system\HTTP\URI.php(529): CodeIgniter\HTTP\Exceptions\HTTPException::forURISegmentOutOfRange(2)
#1 C:\xampp\htdocs\pita\app\Views\teacher\teacher_activity_results.php(225): CodeIgniter\HTTP\URI->getSegment(2)
#2 C:\xampp\htdocs\pita\system\View\View.php(210): include('C:\\xampp\\htdocs...')
#3 C:\xampp\htdocs\pita\system\View\View.php(213): CodeIgniter\View\View->CodeIgniter\View\{closure}()
#4 C:\xampp\htdocs\pita\system\Common.php(1089): CodeIgniter\View\View->render('teacher/teacher...', Array, true)
#5 C:\xampp\htdocs\pita\app\Controllers\Views.php(106): view('teacher/teacher...')
#6 C:\xampp\htdocs\pita\system\CodeIgniter.php(832): App\Controllers\Views->teacher_activity_results('1')
#7 C:\xampp\htdocs\pita\system\CodeIgniter.php(419): CodeIgniter\CodeIgniter->runController(Object(App\Controllers\Views))
#8 C:\xampp\htdocs\pita\system\CodeIgniter.php(326): CodeIgniter\CodeIgniter->handleRequest(NULL, Object(Config\Cache), false)
#9 C:\xampp\htdocs\pita\public\index.php(37): CodeIgniter\CodeIgniter->run()
#10 {main}
CRITICAL - 2022-04-30 07:59:44 --> Undefined array key "ta_id"
#0 C:\xampp\htdocs\pita\app\Controllers\DatabaseController.php(276): CodeIgniter\Debug\Exceptions->errorHandler(2, 'Undefined array...', 'C:\\xampp\\htdocs...', 276)
#1 C:\xampp\htdocs\pita\system\CodeIgniter.php(832): App\Controllers\DatabaseController->delete_teacher_announcements()
#2 C:\xampp\htdocs\pita\system\CodeIgniter.php(419): CodeIgniter\CodeIgniter->runController(Object(App\Controllers\DatabaseController))
#3 C:\xampp\htdocs\pita\system\CodeIgniter.php(326): CodeIgniter\CodeIgniter->handleRequest(NULL, Object(Config\Cache), false)
#4 C:\xampp\htdocs\pita\public\index.php(37): CodeIgniter\CodeIgniter->run()
#5 {main}
CRITICAL - 2022-04-30 08:00:58 --> Undefined property: mysqli::$activity_id
#0 C:\xampp\htdocs\pita\app\Controllers\DatabaseController.php(321): CodeIgniter\Debug\Exceptions->errorHandler(2, 'Undefined prope...', 'C:\\xampp\\htdocs...', 321)
#1 C:\xampp\htdocs\pita\system\CodeIgniter.php(832): App\Controllers\DatabaseController->create_activity()
#2 C:\xampp\htdocs\pita\system\CodeIgniter.php(419): CodeIgniter\CodeIgniter->runController(Object(App\Controllers\DatabaseController))
#3 C:\xampp\htdocs\pita\system\CodeIgniter.php(326): CodeIgniter\CodeIgniter->handleRequest(NULL, Object(Config\Cache), false)
#4 C:\xampp\htdocs\pita\public\index.php(37): CodeIgniter\CodeIgniter->run()
#5 {main}
CRITICAL - 2022-04-30 08:02:54 --> Undefined property: mysqli::$activity_id
#0 C:\xampp\htdocs\pita\app\Controllers\DatabaseController.php(321): CodeIgniter\Debug\Exceptions->errorHandler(2, 'Undefined prope...', 'C:\\xampp\\htdocs...', 321)
#1 C:\xampp\htdocs\pita\system\CodeIgniter.php(832): App\Controllers\DatabaseController->create_activity()
#2 C:\xampp\htdocs\pita\system\CodeIgniter.php(419): CodeIgniter\CodeIgniter->runController(Object(App\Controllers\DatabaseController))
#3 C:\xampp\htdocs\pita\system\CodeIgniter.php(326): CodeIgniter\CodeIgniter->handleRequest(NULL, Object(Config\Cache), false)
#4 C:\xampp\htdocs\pita\public\index.php(37): CodeIgniter\CodeIgniter->run()
#5 {main}
ERROR - 2022-04-30 08:13:32 --> Unknown column 'actvities.activity_id' in 'where clause'
CRITICAL - 2022-04-30 08:13:32 --> Unknown column 'actvities.activity_id' in 'where clause'
#0 C:\xampp\htdocs\pita\system\Database\MySQLi\Connection.php(292): mysqli->query('SELECT *\nFROM `...', 0)
#1 C:\xampp\htdocs\pita\system\Database\BaseConnection.php(670): CodeIgniter\Database\MySQLi\Connection->execute('SELECT *\nFROM `...')
#2 C:\xampp\htdocs\pita\system\Database\BaseConnection.php(598): CodeIgniter\Database\BaseConnection->simpleQuery('SELECT *\nFROM `...')
#3 C:\xampp\htdocs\pita\system\Database\BaseBuilder.php(1588): CodeIgniter\Database\BaseConnection->query('SELECT *\nFROM `...', Array, false)
#4 C:\xampp\htdocs\pita\app\Views\teacher\teacher_activity_results.php(177): CodeIgniter\Database\BaseBuilder->getWhere(Array)
#5 C:\xampp\htdocs\pita\system\View\View.php(210): include('C:\\xampp\\htdocs...')
#6 C:\xampp\htdocs\pita\system\View\View.php(213): CodeIgniter\View\View->CodeIgniter\View\{closure}()
#7 C:\xampp\htdocs\pita\system\Common.php(1089): CodeIgniter\View\View->render('teacher/teacher...', Array, true)
#8 C:\xampp\htdocs\pita\app\Controllers\Views.php(106): view('teacher/teacher...')
#9 C:\xampp\htdocs\pita\system\CodeIgniter.php(832): App\Controllers\Views->teacher_activity_results('5')
#10 C:\xampp\htdocs\pita\system\CodeIgniter.php(419): CodeIgniter\CodeIgniter->runController(Object(App\Controllers\Views))
#11 C:\xampp\htdocs\pita\system\CodeIgniter.php(326): CodeIgniter\CodeIgniter->handleRequest(NULL, Object(Config\Cache), false)
#12 C:\xampp\htdocs\pita\public\index.php(37): CodeIgniter\CodeIgniter->run()
#13 {main}
CRITICAL - 2022-04-30 08:13:54 --> Undefined property: stdClass::$activity_title
#0 C:\xampp\htdocs\pita\app\Views\teacher\teacher_activity_results.php(206): CodeIgniter\Debug\Exceptions->errorHandler(2, 'Undefined prope...', 'C:\\xampp\\htdocs...', 206)
#1 C:\xampp\htdocs\pita\system\View\View.php(210): include('C:\\xampp\\htdocs...')
#2 C:\xampp\htdocs\pita\system\View\View.php(213): CodeIgniter\View\View->CodeIgniter\View\{closure}()
#3 C:\xampp\htdocs\pita\system\Common.php(1089): CodeIgniter\View\View->render('teacher/teacher...', Array, true)
#4 C:\xampp\htdocs\pita\app\Controllers\Views.php(106): view('teacher/teacher...')
#5 C:\xampp\htdocs\pita\system\CodeIgniter.php(832): App\Controllers\Views->teacher_activity_results('5')
#6 C:\xampp\htdocs\pita\system\CodeIgniter.php(419): CodeIgniter\CodeIgniter->runController(Object(App\Controllers\Views))
#7 C:\xampp\htdocs\pita\system\CodeIgniter.php(326): CodeIgniter\CodeIgniter->handleRequest(NULL, Object(Config\Cache), false)
#8 C:\xampp\htdocs\pita\public\index.php(37): CodeIgniter\CodeIgniter->run()
#9 {main}
CRITICAL - 2022-04-30 08:25:18 --> Undefined variable $teacher_count
#0 C:\xampp\htdocs\pita\app\Views\teacher\teacher_home.php(163): CodeIgniter\Debug\Exceptions->errorHandler(2, 'Undefined varia...', 'C:\\xampp\\htdocs...', 163)
#1 C:\xampp\htdocs\pita\system\View\View.php(210): include('C:\\xampp\\htdocs...')
#2 C:\xampp\htdocs\pita\system\View\View.php(213): CodeIgniter\View\View->CodeIgniter\View\{closure}()
#3 C:\xampp\htdocs\pita\system\Common.php(1089): CodeIgniter\View\View->render('teacher/teacher...', Array, true)
#4 C:\xampp\htdocs\pita\app\Controllers\Views.php(44): view('teacher/teacher...')
#5 C:\xampp\htdocs\pita\system\CodeIgniter.php(832): App\Controllers\Views->view_teacher()
#6 C:\xampp\htdocs\pita\system\CodeIgniter.php(419): CodeIgniter\CodeIgniter->runController(Object(App\Controllers\Views))
#7 C:\xampp\htdocs\pita\system\CodeIgniter.php(326): CodeIgniter\CodeIgniter->handleRequest(NULL, Object(Config\Cache), false)
#8 C:\xampp\htdocs\pita\public\index.php(37): CodeIgniter\CodeIgniter->run()
#9 {main}
CRITICAL - 2022-04-30 08:26:07 --> Undefined variable $teacher_count
#0 C:\xampp\htdocs\pita\app\Views\teacher\teacher_home.php(163): CodeIgniter\Debug\Exceptions->errorHandler(2, 'Undefined varia...', 'C:\\xampp\\htdocs...', 163)
#1 C:\xampp\htdocs\pita\system\View\View.php(210): include('C:\\xampp\\htdocs...')
#2 C:\xampp\htdocs\pita\system\View\View.php(213): CodeIgniter\View\View->CodeIgniter\View\{closure}()
#3 C:\xampp\htdocs\pita\system\Common.php(1089): CodeIgniter\View\View->render('teacher/teacher...', Array, true)
#4 C:\xampp\htdocs\pita\app\Controllers\Views.php(44): view('teacher/teacher...')
#5 C:\xampp\htdocs\pita\system\CodeIgniter.php(832): App\Controllers\Views->view_teacher()
#6 C:\xampp\htdocs\pita\system\CodeIgniter.php(419): CodeIgniter\CodeIgniter->runController(Object(App\Controllers\Views))
#7 C:\xampp\htdocs\pita\system\CodeIgniter.php(326): CodeIgniter\CodeIgniter->handleRequest(NULL, Object(Config\Cache), false)
#8 C:\xampp\htdocs\pita\public\index.php(37): CodeIgniter\CodeIgniter->run()
#9 {main}
CRITICAL - 2022-04-30 17:52:33 --> syntax error, unexpected token ";", expecting identifier or variable or "{" or "$"
#0 C:\xampp\htdocs\pita\system\View\View.php(213): CodeIgniter\View\View->CodeIgniter\View\{closure}()
#1 C:\xampp\htdocs\pita\system\Common.php(1089): CodeIgniter\View\View->render('student/student...', Array, true)
#2 C:\xampp\htdocs\pita\app\Controllers\Views.php(39): view('student/student...')
#3 C:\xampp\htdocs\pita\system\CodeIgniter.php(832): App\Controllers\Views->view_student()
#4 C:\xampp\htdocs\pita\system\CodeIgniter.php(419): CodeIgniter\CodeIgniter->runController(Object(App\Controllers\Views))
#5 C:\xampp\htdocs\pita\system\CodeIgniter.php(326): CodeIgniter\CodeIgniter->handleRequest(NULL, Object(Config\Cache), false)
#6 C:\xampp\htdocs\pita\public\index.php(37): CodeIgniter\CodeIgniter->run()
#7 {main}
CRITICAL - 2022-04-30 17:52:38 --> syntax error, unexpected token ";", expecting identifier or variable or "{" or "$"
#0 C:\xampp\htdocs\pita\system\View\View.php(213): CodeIgniter\View\View->CodeIgniter\View\{closure}()
#1 C:\xampp\htdocs\pita\system\Common.php(1089): CodeIgniter\View\View->render('student/student...', Array, true)
#2 C:\xampp\htdocs\pita\app\Controllers\Views.php(39): view('student/student...')
#3 C:\xampp\htdocs\pita\system\CodeIgniter.php(832): App\Controllers\Views->view_student()
#4 C:\xampp\htdocs\pita\system\CodeIgniter.php(419): CodeIgniter\CodeIgniter->runController(Object(App\Controllers\Views))
#5 C:\xampp\htdocs\pita\system\CodeIgniter.php(326): CodeIgniter\CodeIgniter->handleRequest(NULL, Object(Config\Cache), false)
#6 C:\xampp\htdocs\pita\public\index.php(37): CodeIgniter\CodeIgniter->run()
#7 {main}
ERROR - 2022-04-30 17:59:25 --> Unknown column 'teacher_section' in 'where clause'
CRITICAL - 2022-04-30 17:59:25 --> Unknown column 'teacher_section' in 'where clause'
#0 C:\xampp\htdocs\pita\system\Database\MySQLi\Connection.php(292): mysqli->query('SELECT COUNT(ac...', 0)
#1 C:\xampp\htdocs\pita\system\Database\BaseConnection.php(670): CodeIgniter\Database\MySQLi\Connection->execute('SELECT COUNT(ac...')
#2 C:\xampp\htdocs\pita\system\Database\BaseConnection.php(598): CodeIgniter\Database\BaseConnection->simpleQuery('SELECT COUNT(ac...')
#3 C:\xampp\htdocs\pita\app\Views\student\student_home.php(163): CodeIgniter\Database\BaseConnection->query('SELECT COUNT(ac...')
#4 C:\xampp\htdocs\pita\system\View\View.php(210): include('C:\\xampp\\htdocs...')
#5 C:\xampp\htdocs\pita\system\View\View.php(213): CodeIgniter\View\View->CodeIgniter\View\{closure}()
#6 C:\xampp\htdocs\pita\system\Common.php(1089): CodeIgniter\View\View->render('student/student...', Array, true)
#7 C:\xampp\htdocs\pita\app\Controllers\Views.php(39): view('student/student...')
#8 C:\xampp\htdocs\pita\system\CodeIgniter.php(832): App\Controllers\Views->view_student()
#9 C:\xampp\htdocs\pita\system\CodeIgniter.php(419): CodeIgniter\CodeIgniter->runController(Object(App\Controllers\Views))
#10 C:\xampp\htdocs\pita\system\CodeIgniter.php(326): CodeIgniter\CodeIgniter->handleRequest(NULL, Object(Config\Cache), false)
#11 C:\xampp\htdocs\pita\public\index.php(37): CodeIgniter\CodeIgniter->run()
#12 {main}
CRITICAL - 2022-04-30 22:58:39 --> Request URI segment is out of range: 3
#0 C:\xampp\htdocs\pita\system\HTTP\URI.php(529): CodeIgniter\HTTP\Exceptions\HTTPException::forURISegmentOutOfRange(3)
#1 C:\xampp\htdocs\pita\app\Controllers\Views.php(118): CodeIgniter\HTTP\URI->getSegment(3)
#2 C:\xampp\htdocs\pita\system\CodeIgniter.php(832): App\Controllers\Views->student_do_activity()
#3 C:\xampp\htdocs\pita\system\CodeIgniter.php(419): CodeIgniter\CodeIgniter->runController(Object(App\Controllers\Views))
#4 C:\xampp\htdocs\pita\system\CodeIgniter.php(326): CodeIgniter\CodeIgniter->handleRequest(NULL, Object(Config\Cache), false)
#5 C:\xampp\htdocs\pita\public\index.php(37): CodeIgniter\CodeIgniter->run()
#6 {main}
CRITICAL - 2022-04-30 23:08:21 --> Request URI segment is out of range: 3
#0 C:\xampp\htdocs\pita\system\HTTP\URI.php(529): CodeIgniter\HTTP\Exceptions\HTTPException::forURISegmentOutOfRange(3)
#1 C:\xampp\htdocs\pita\app\Controllers\Views.php(118): CodeIgniter\HTTP\URI->getSegment(3)
#2 C:\xampp\htdocs\pita\system\CodeIgniter.php(832): App\Controllers\Views->student_do_activity()
#3 C:\xampp\htdocs\pita\system\CodeIgniter.php(419): CodeIgniter\CodeIgniter->runController(Object(App\Controllers\Views))
#4 C:\xampp\htdocs\pita\system\CodeIgniter.php(326): CodeIgniter\CodeIgniter->handleRequest(NULL, Object(Config\Cache), false)
#5 C:\xampp\htdocs\pita\public\index.php(37): CodeIgniter\CodeIgniter->run()
#6 {main}
