CRITICAL - 2022-05-01 00:02:57 --> Call to a member function getName() on null
#0 C:\xampp\htdocs\pita\system\CodeIgniter.php(832): App\Controllers\FileController->validate_output()
#1 C:\xampp\htdocs\pita\system\CodeIgniter.php(419): CodeIgniter\CodeIgniter->runController(Object(App\Controllers\FileController))
#2 C:\xampp\htdocs\pita\system\CodeIgniter.php(326): CodeIgniter\CodeIgniter->handleRequest(NULL, Object(Config\Cache), false)
#3 C:\xampp\htdocs\pita\public\index.php(37): CodeIgniter\CodeIgniter->run()
#4 {main}
ERROR - 2022-05-01 00:04:12 --> Unknown column 'student_ouput' in 'field list'
CRITICAL - 2022-05-01 00:04:12 --> Unknown column 'student_ouput' in 'field list'
#0 C:\xampp\htdocs\pita\system\Database\MySQLi\Connection.php(292): mysqli->query('INSERT INTO `sc...', 0)
#1 C:\xampp\htdocs\pita\system\Database\BaseConnection.php(670): CodeIgniter\Database\MySQLi\Connection->execute('INSERT INTO `sc...')
#2 C:\xampp\htdocs\pita\system\Database\BaseConnection.php(598): CodeIgniter\Database\BaseConnection->simpleQuery('INSERT INTO `sc...')
#3 C:\xampp\htdocs\pita\system\Database\BaseBuilder.php(1771): CodeIgniter\Database\BaseConnection->query('INSERT INTO `sc...', Array, false)
#4 C:\xampp\htdocs\pita\app\Controllers\FileController.php(236): CodeIgniter\Database\BaseBuilder->insert(Array)
#5 C:\xampp\htdocs\pita\system\CodeIgniter.php(832): App\Controllers\FileController->validate_output()
#6 C:\xampp\htdocs\pita\system\CodeIgniter.php(419): CodeIgniter\CodeIgniter->runController(Object(App\Controllers\FileController))
#7 C:\xampp\htdocs\pita\system\CodeIgniter.php(326): CodeIgniter\CodeIgniter->handleRequest(NULL, Object(Config\Cache), false)
#8 C:\xampp\htdocs\pita\public\index.php(37): CodeIgniter\CodeIgniter->run()
#9 {main}
ERROR - 2022-05-01 22:51:18 --> You have an error in your SQL syntax; check the manual that corresponds to your MariaDB server version for the right syntax to use near '0 = :0:, 1 = :1:
WHERE `verification` = :verification:' at line 1
CRITICAL - 2022-05-01 22:51:18 --> You have an error in your SQL syntax; check the manual that corresponds to your MariaDB server version for the right syntax to use near '0 = :0:, 1 = :1:
WHERE `verification` = :verification:' at line 1
#0 C:\xampp\htdocs\pita\system\Database\MySQLi\Connection.php(292): mysqli->query('UPDATE `users` ...', 0)
#1 C:\xampp\htdocs\pita\system\Database\BaseConnection.php(670): CodeIgniter\Database\MySQLi\Connection->execute('UPDATE `users` ...')
#2 C:\xampp\htdocs\pita\system\Database\BaseConnection.php(598): CodeIgniter\Database\BaseConnection->simpleQuery('UPDATE `users` ...')
#3 C:\xampp\htdocs\pita\system\Database\BaseBuilder.php(1913): CodeIgniter\Database\BaseConnection->query('UPDATE `users` ...', Array, false)
#4 C:\xampp\htdocs\pita\app\Controllers\DatabaseController.php(103): CodeIgniter\Database\BaseBuilder->update()
#5 C:\xampp\htdocs\pita\system\CodeIgniter.php(832): App\Controllers\DatabaseController->verification()
#6 C:\xampp\htdocs\pita\system\CodeIgniter.php(419): CodeIgniter\CodeIgniter->runController(Object(App\Controllers\DatabaseController))
#7 C:\xampp\htdocs\pita\system\CodeIgniter.php(326): CodeIgniter\CodeIgniter->handleRequest(NULL, Object(Config\Cache), false)
#8 C:\xampp\htdocs\pita\public\index.php(37): CodeIgniter\CodeIgniter->run()
#9 {main}
ERROR - 2022-05-01 23:05:45 --> Email: sendWithSmtp throwed stream_socket_enable_crypto(): SSL: Handshake timed out
